2017-05-16 04:47:16.961  INFO 18720 --- [restartedMain] com.example.demo.SimpleApplication       : Starting SimpleApplication on DESKTOP-3364L86 with PID 18720 (H:\playground\java\spring-boot-oauth2\target\classes started by Administrator in H:\playground\java\spring-boot-oauth2)
2017-05-16 04:47:16.962 DEBUG 18720 --- [restartedMain] com.example.demo.SimpleApplication       : Running with Spring Boot v1.5.3.RELEASE, Spring v4.3.8.RELEASE
2017-05-16 04:47:16.962  INFO 18720 --- [restartedMain] com.example.demo.SimpleApplication       : No active profile set, falling back to default profiles: default
2017-05-16 04:47:18.227  WARN 18720 --- [restartedMain] ationConfigEmbeddedWebApplicationContext : Exception encountered during context initialization - cancelling refresh attempt: org.springframework.beans.factory.UnsatisfiedDependencyException: Error creating bean with name 'home': Unsatisfied dependency expressed through field 'userService'; nested exception is org.springframework.beans.factory.UnsatisfiedDependencyException: Error creating bean with name 'userServiceImpl': Unsatisfied dependency expressed through field 'user'; nested exception is org.springframework.beans.factory.NoSuchBeanDefinitionException: No qualifying bean of type 'com.example.demo.entity.User' available: expected at least 1 bean which qualifies as autowire candidate. Dependency annotations: {@org.springframework.beans.factory.annotation.Autowired(required=true)}
2017-05-16 04:47:18.592 ERROR 18720 --- [restartedMain] o.s.b.d.LoggingFailureAnalysisReporter   : 

***************************
APPLICATION FAILED TO START
***************************

Description:

Field user in com.example.demo.service.impl.UserServiceImpl required a bean of type 'com.example.demo.entity.User' that could not be found.


Action:

Consider defining a bean of type 'com.example.demo.entity.User' in your configuration.

2017-05-16 04:48:17.510  INFO 19220 --- [restartedMain] com.example.demo.SimpleApplication       : Starting SimpleApplication on DESKTOP-3364L86 with PID 19220 (H:\playground\java\spring-boot-oauth2\target\classes started by Administrator in H:\playground\java\spring-boot-oauth2)
2017-05-16 04:48:17.510 DEBUG 19220 --- [restartedMain] com.example.demo.SimpleApplication       : Running with Spring Boot v1.5.3.RELEASE, Spring v4.3.8.RELEASE
2017-05-16 04:48:17.511  INFO 19220 --- [restartedMain] com.example.demo.SimpleApplication       : No active profile set, falling back to default profiles: default
2017-05-16 04:48:18.564  WARN 19220 --- [restartedMain] ationConfigEmbeddedWebApplicationContext : Exception encountered during context initialization - cancelling refresh attempt: org.springframework.beans.factory.UnsatisfiedDependencyException: Error creating bean with name 'home': Unsatisfied dependency expressed through field 'userService'; nested exception is org.springframework.beans.factory.UnsatisfiedDependencyException: Error creating bean with name 'userServiceImpl': Unsatisfied dependency expressed through field 'user'; nested exception is org.springframework.beans.factory.NoSuchBeanDefinitionException: No qualifying bean of type 'com.example.demo.entity.User' available: expected at least 1 bean which qualifies as autowire candidate. Dependency annotations: {@org.springframework.beans.factory.annotation.Autowired(required=true)}
2017-05-16 04:48:18.644 ERROR 19220 --- [restartedMain] o.s.b.d.LoggingFailureAnalysisReporter   : 

***************************
APPLICATION FAILED TO START
***************************

Description:

Field user in com.example.demo.service.impl.UserServiceImpl required a bean of type 'com.example.demo.entity.User' that could not be found.


Action:

Consider defining a bean of type 'com.example.demo.entity.User' in your configuration.

2017-05-16 04:49:25.119  INFO 19060 --- [restartedMain] com.example.demo.SimpleApplication       : Starting SimpleApplication on DESKTOP-3364L86 with PID 19060 (H:\playground\java\spring-boot-oauth2\target\classes started by Administrator in H:\playground\java\spring-boot-oauth2)
2017-05-16 04:49:25.120 DEBUG 19060 --- [restartedMain] com.example.demo.SimpleApplication       : Running with Spring Boot v1.5.3.RELEASE, Spring v4.3.8.RELEASE
2017-05-16 04:49:25.120  INFO 19060 --- [restartedMain] com.example.demo.SimpleApplication       : No active profile set, falling back to default profiles: default
2017-05-16 04:49:26.188  WARN 19060 --- [restartedMain] ationConfigEmbeddedWebApplicationContext : Exception encountered during context initialization - cancelling refresh attempt: org.springframework.beans.factory.UnsatisfiedDependencyException: Error creating bean with name 'home': Unsatisfied dependency expressed through field 'userService'; nested exception is org.springframework.beans.factory.UnsatisfiedDependencyException: Error creating bean with name 'userServiceImpl': Unsatisfied dependency expressed through field 'user'; nested exception is org.springframework.beans.factory.NoSuchBeanDefinitionException: No qualifying bean of type 'com.example.demo.entity.User' available: expected at least 1 bean which qualifies as autowire candidate. Dependency annotations: {@org.springframework.beans.factory.annotation.Autowired(required=true)}
2017-05-16 04:49:26.268 ERROR 19060 --- [restartedMain] o.s.b.d.LoggingFailureAnalysisReporter   : 

***************************
APPLICATION FAILED TO START
***************************

Description:

Field user in com.example.demo.service.impl.UserServiceImpl required a bean of type 'com.example.demo.entity.User' that could not be found.


Action:

Consider defining a bean of type 'com.example.demo.entity.User' in your configuration.

2017-05-16 04:49:58.028  INFO 2160 --- [restartedMain] com.example.demo.SimpleApplication       : Starting SimpleApplication on DESKTOP-3364L86 with PID 2160 (H:\playground\java\spring-boot-oauth2\target\classes started by Administrator in H:\playground\java\spring-boot-oauth2)
2017-05-16 04:49:58.028 DEBUG 2160 --- [restartedMain] com.example.demo.SimpleApplication       : Running with Spring Boot v1.5.3.RELEASE, Spring v4.3.8.RELEASE
2017-05-16 04:49:58.028  INFO 2160 --- [restartedMain] com.example.demo.SimpleApplication       : No active profile set, falling back to default profiles: default
2017-05-16 04:49:59.121  WARN 2160 --- [restartedMain] ationConfigEmbeddedWebApplicationContext : Exception encountered during context initialization - cancelling refresh attempt: org.springframework.beans.factory.UnsatisfiedDependencyException: Error creating bean with name 'home': Unsatisfied dependency expressed through field 'userService'; nested exception is org.springframework.beans.factory.UnsatisfiedDependencyException: Error creating bean with name 'userServiceImpl': Unsatisfied dependency expressed through field 'user'; nested exception is org.springframework.beans.factory.NoSuchBeanDefinitionException: No qualifying bean of type 'com.example.demo.entity.User' available: expected at least 1 bean which qualifies as autowire candidate. Dependency annotations: {@org.springframework.beans.factory.annotation.Autowired(required=true)}
2017-05-16 04:49:59.200 ERROR 2160 --- [restartedMain] o.s.b.d.LoggingFailureAnalysisReporter   : 

***************************
APPLICATION FAILED TO START
***************************

Description:

Field user in com.example.demo.service.impl.UserServiceImpl required a bean of type 'com.example.demo.entity.User' that could not be found.


Action:

Consider defining a bean of type 'com.example.demo.entity.User' in your configuration.

2017-05-16 04:50:26.067  INFO 23072 --- [restartedMain] com.example.demo.SimpleApplication       : Starting SimpleApplication on DESKTOP-3364L86 with PID 23072 (H:\playground\java\spring-boot-oauth2\target\classes started by Administrator in H:\playground\java\spring-boot-oauth2)
2017-05-16 04:50:26.067 DEBUG 23072 --- [restartedMain] com.example.demo.SimpleApplication       : Running with Spring Boot v1.5.3.RELEASE, Spring v4.3.8.RELEASE
2017-05-16 04:50:26.068  INFO 23072 --- [restartedMain] com.example.demo.SimpleApplication       : No active profile set, falling back to default profiles: default
2017-05-16 04:50:27.147  WARN 23072 --- [restartedMain] ationConfigEmbeddedWebApplicationContext : Exception encountered during context initialization - cancelling refresh attempt: org.springframework.beans.factory.UnsatisfiedDependencyException: Error creating bean with name 'home': Unsatisfied dependency expressed through field 'userService'; nested exception is org.springframework.beans.factory.BeanCreationException: Error creating bean with name 'userServiceImpl': Injection of resource dependencies failed; nested exception is org.springframework.beans.factory.NoSuchBeanDefinitionException: No qualifying bean of type 'com.example.demo.entity.User' available: expected at least 1 bean which qualifies as autowire candidate. Dependency annotations: {@javax.annotation.Resource(shareable=true, lookup=, name=, description=, authenticationType=CONTAINER, type=class java.lang.Object, mappedName=)}
2017-05-16 04:50:27.223 ERROR 23072 --- [restartedMain] o.s.b.d.LoggingFailureAnalysisReporter   : 

***************************
APPLICATION FAILED TO START
***************************

Description:

Field userService in com.example.demo.controller.Home required a bean of type 'com.example.demo.entity.User' that could not be found.


Action:

Consider defining a bean of type 'com.example.demo.entity.User' in your configuration.

2017-05-16 04:52:37.808  INFO 27716 --- [restartedMain] com.example.demo.SimpleApplication       : Starting SimpleApplication on DESKTOP-3364L86 with PID 27716 (H:\playground\java\spring-boot-oauth2\target\classes started by Administrator in H:\playground\java\spring-boot-oauth2)
2017-05-16 04:52:37.809 DEBUG 27716 --- [restartedMain] com.example.demo.SimpleApplication       : Running with Spring Boot v1.5.3.RELEASE, Spring v4.3.8.RELEASE
2017-05-16 04:52:37.809  INFO 27716 --- [restartedMain] com.example.demo.SimpleApplication       : No active profile set, falling back to default profiles: default
2017-05-16 04:52:38.971  WARN 27716 --- [restartedMain] ationConfigEmbeddedWebApplicationContext : Exception encountered during context initialization - cancelling refresh attempt: org.springframework.beans.factory.UnsatisfiedDependencyException: Error creating bean with name 'home': Unsatisfied dependency expressed through field 'userService'; nested exception is org.springframework.beans.factory.UnsatisfiedDependencyException: Error creating bean with name 'userServiceImpl': Unsatisfied dependency expressed through field 'user'; nested exception is org.springframework.beans.factory.NoSuchBeanDefinitionException: No qualifying bean of type 'com.example.demo.entity.User' available: expected at least 1 bean which qualifies as autowire candidate. Dependency annotations: {@org.springframework.beans.factory.annotation.Autowired(required=true)}
2017-05-16 04:52:39.052 ERROR 27716 --- [restartedMain] o.s.b.d.LoggingFailureAnalysisReporter   : 

***************************
APPLICATION FAILED TO START
***************************

Description:

Field user in com.example.demo.service.impl.UserServiceImpl required a bean of type 'com.example.demo.entity.User' that could not be found.


Action:

Consider defining a bean of type 'com.example.demo.entity.User' in your configuration.

2017-05-16 04:56:10.867  INFO 2984 --- [restartedMain] com.example.demo.SimpleApplication       : Starting SimpleApplication on DESKTOP-3364L86 with PID 2984 (H:\playground\java\spring-boot-oauth2\target\classes started by Administrator in H:\playground\java\spring-boot-oauth2)
2017-05-16 04:56:10.868 DEBUG 2984 --- [restartedMain] com.example.demo.SimpleApplication       : Running with Spring Boot v1.5.3.RELEASE, Spring v4.3.8.RELEASE
2017-05-16 04:56:10.868  INFO 2984 --- [restartedMain] com.example.demo.SimpleApplication       : No active profile set, falling back to default profiles: default
2017-05-16 04:56:12.584  WARN 2984 --- [restartedMain] com.example.demo.entity.MyBean           : =====================================
2017-05-16 04:56:12.584  INFO 2984 --- [restartedMain] com.example.demo.SimpleApplication       : Started SimpleApplication in 1.89 seconds (JVM running for 2.149)
2017-05-16 04:56:55.288 DEBUG 2984 --- [http-nio-8080-exec-1] com.example.demo.controller.Home         : this is a message from spring web
2017-05-16 04:56:55.288 DEBUG 2984 --- [http-nio-8080-exec-1] com.example.demo.controller.Home         : user name is not implemented.
2017-05-16 04:56:55.288 DEBUG 2984 --- [http-nio-8080-exec-1] c.e.demo.service.impl.UserServiceImpl    : date: Tue May 16 04:56:55 CST 2017
2017-05-16 04:56:55.288 DEBUG 2984 --- [http-nio-8080-exec-1] c.e.demo.service.impl.UserServiceImpl    : time: Tue May 16 04:56:55 CST 2017
2017-05-16 04:57:55.504  INFO 2984 --- [restartedMain] com.example.demo.SimpleApplication       : Starting SimpleApplication on DESKTOP-3364L86 with PID 2984 (H:\playground\java\spring-boot-oauth2\target\classes started by Administrator in H:\playground\java\spring-boot-oauth2)
2017-05-16 04:57:55.504 DEBUG 2984 --- [restartedMain] com.example.demo.SimpleApplication       : Running with Spring Boot v1.5.3.RELEASE, Spring v4.3.8.RELEASE
2017-05-16 04:57:55.505  INFO 2984 --- [restartedMain] com.example.demo.SimpleApplication       : No active profile set, falling back to default profiles: default
2017-05-16 04:57:55.966  WARN 2984 --- [restartedMain] com.example.demo.entity.MyBean           : =====================================
2017-05-16 04:57:55.966  INFO 2984 --- [restartedMain] com.example.demo.SimpleApplication       : Started SimpleApplication in 0.483 seconds (JVM running for 105.544)
2017-05-16 04:58:09.653 DEBUG 2984 --- [http-nio-8080-exec-1] com.example.demo.controller.Home         : this is a message from spring web
2017-05-16 04:58:09.654 DEBUG 2984 --- [http-nio-8080-exec-1] com.example.demo.controller.Home         : user name is not implemented.
2017-05-16 04:58:09.654 DEBUG 2984 --- [http-nio-8080-exec-1] c.e.demo.service.impl.UserServiceImpl    : date: Tue May 16 04:58:09 CST 2017
2017-05-16 04:58:09.654 DEBUG 2984 --- [http-nio-8080-exec-1] c.e.demo.service.impl.UserServiceImpl    : time: Tue May 16 04:58:09 CST 2017
2017-05-16 04:59:01.074  INFO 2984 --- [restartedMain] com.example.demo.SimpleApplication       : Starting SimpleApplication on DESKTOP-3364L86 with PID 2984 (H:\playground\java\spring-boot-oauth2\target\classes started by Administrator in H:\playground\java\spring-boot-oauth2)
2017-05-16 04:59:01.074 DEBUG 2984 --- [restartedMain] com.example.demo.SimpleApplication       : Running with Spring Boot v1.5.3.RELEASE, Spring v4.3.8.RELEASE
2017-05-16 04:59:01.074  INFO 2984 --- [restartedMain] com.example.demo.SimpleApplication       : No active profile set, falling back to default profiles: default
2017-05-16 04:59:01.516  WARN 2984 --- [restartedMain] com.example.demo.entity.MyBean           : =====================================
2017-05-16 04:59:01.516  INFO 2984 --- [restartedMain] com.example.demo.SimpleApplication       : Started SimpleApplication in 0.457 seconds (JVM running for 171.081)
2017-05-16 04:59:01.518 DEBUG 2984 --- [http-nio-8080-exec-1] com.example.demo.controller.Home         : this is a message from spring web
2017-05-16 04:59:01.519 DEBUG 2984 --- [http-nio-8080-exec-1] com.example.demo.controller.Home         : user name is not implemented.
2017-05-16 04:59:01.519 DEBUG 2984 --- [http-nio-8080-exec-1] c.e.demo.service.impl.UserServiceImpl    : date: Tue May 16 04:59:01 CST 2017
2017-05-16 04:59:01.519 DEBUG 2984 --- [http-nio-8080-exec-1] c.e.demo.service.impl.UserServiceImpl    : time: Tue May 16 04:59:01 CST 2017
2017-05-16 04:59:10.075  INFO 2984 --- [restartedMain] com.example.demo.SimpleApplication       : Starting SimpleApplication on DESKTOP-3364L86 with PID 2984 (H:\playground\java\spring-boot-oauth2\target\classes started by Administrator in H:\playground\java\spring-boot-oauth2)
2017-05-16 04:59:10.075 DEBUG 2984 --- [restartedMain] com.example.demo.SimpleApplication       : Running with Spring Boot v1.5.3.RELEASE, Spring v4.3.8.RELEASE
2017-05-16 04:59:10.075  INFO 2984 --- [restartedMain] com.example.demo.SimpleApplication       : No active profile set, falling back to default profiles: default
2017-05-16 04:59:10.438  WARN 2984 --- [restartedMain] com.example.demo.entity.MyBean           : =====================================
2017-05-16 04:59:10.438  INFO 2984 --- [restartedMain] com.example.demo.SimpleApplication       : Started SimpleApplication in 0.378 seconds (JVM running for 180.002)
2017-05-16 04:59:10.441 DEBUG 2984 --- [http-nio-8080-exec-1] com.example.demo.controller.Home         : this is a message from spring web
2017-05-16 04:59:10.442 DEBUG 2984 --- [http-nio-8080-exec-1] com.example.demo.controller.Home         : user name is not implemented.
2017-05-16 04:59:10.442 DEBUG 2984 --- [http-nio-8080-exec-1] c.e.demo.service.impl.UserServiceImpl    : date: Tue May 16 04:59:10 CST 2017
2017-05-16 04:59:10.442 DEBUG 2984 --- [http-nio-8080-exec-1] c.e.demo.service.impl.UserServiceImpl    : time: Tue May 16 04:59:10 CST 2017
2017-05-16 04:59:24.996  INFO 2984 --- [restartedMain] com.example.demo.SimpleApplication       : Starting SimpleApplication on DESKTOP-3364L86 with PID 2984 (H:\playground\java\spring-boot-oauth2\target\classes started by Administrator in H:\playground\java\spring-boot-oauth2)
2017-05-16 04:59:24.996 DEBUG 2984 --- [restartedMain] com.example.demo.SimpleApplication       : Running with Spring Boot v1.5.3.RELEASE, Spring v4.3.8.RELEASE
2017-05-16 04:59:24.996  INFO 2984 --- [restartedMain] com.example.demo.SimpleApplication       : No active profile set, falling back to default profiles: default
2017-05-16 04:59:25.428  WARN 2984 --- [restartedMain] com.example.demo.entity.MyBean           : =====================================
2017-05-16 04:59:25.429  INFO 2984 --- [restartedMain] com.example.demo.SimpleApplication       : Started SimpleApplication in 0.448 seconds (JVM running for 194.992)
2017-05-16 04:59:25.431 DEBUG 2984 --- [http-nio-8080-exec-3] com.example.demo.controller.Home         : this is a message from spring web
2017-05-16 04:59:25.432 DEBUG 2984 --- [http-nio-8080-exec-3] com.example.demo.controller.Home         : user name is not implemented.
2017-05-16 04:59:25.432 DEBUG 2984 --- [http-nio-8080-exec-3] c.e.demo.service.impl.UserServiceImpl    : date: Tue May 16 04:59:25 CST 2017
2017-05-16 04:59:25.432 DEBUG 2984 --- [http-nio-8080-exec-3] c.e.demo.service.impl.UserServiceImpl    : time1: Tue May 16 04:59:25 CST 2017
2017-05-16 04:59:30.950  INFO 2984 --- [restartedMain] com.example.demo.SimpleApplication       : Starting SimpleApplication on DESKTOP-3364L86 with PID 2984 (H:\playground\java\spring-boot-oauth2\target\classes started by Administrator in H:\playground\java\spring-boot-oauth2)
2017-05-16 04:59:30.950 DEBUG 2984 --- [restartedMain] com.example.demo.SimpleApplication       : Running with Spring Boot v1.5.3.RELEASE, Spring v4.3.8.RELEASE
2017-05-16 04:59:30.950  INFO 2984 --- [restartedMain] com.example.demo.SimpleApplication       : No active profile set, falling back to default profiles: default
2017-05-16 04:59:31.351  WARN 2984 --- [restartedMain] com.example.demo.entity.MyBean           : =====================================
2017-05-16 04:59:31.352  INFO 2984 --- [restartedMain] com.example.demo.SimpleApplication       : Started SimpleApplication in 0.416 seconds (JVM running for 200.915)
2017-05-16 04:59:31.353 DEBUG 2984 --- [http-nio-8080-exec-10] com.example.demo.controller.Home         : this is a message from spring web
2017-05-16 04:59:31.354 DEBUG 2984 --- [http-nio-8080-exec-10] com.example.demo.controller.Home         : user name is not implemented.
2017-05-16 04:59:31.354 DEBUG 2984 --- [http-nio-8080-exec-10] c.e.demo.service.impl.UserServiceImpl    : date: Tue May 16 04:59:31 CST 2017
2017-05-16 04:59:31.354 DEBUG 2984 --- [http-nio-8080-exec-10] c.e.demo.service.impl.UserServiceImpl    : time: Tue May 16 04:59:31 CST 2017
2017-05-16 05:00:50.166  INFO 2984 --- [restartedMain] com.example.demo.SimpleApplication       : Starting SimpleApplication on DESKTOP-3364L86 with PID 2984 (H:\playground\java\spring-boot-oauth2\target\classes started by Administrator in H:\playground\java\spring-boot-oauth2)
2017-05-16 05:00:50.166 DEBUG 2984 --- [restartedMain] com.example.demo.SimpleApplication       : Running with Spring Boot v1.5.3.RELEASE, Spring v4.3.8.RELEASE
2017-05-16 05:00:50.167  INFO 2984 --- [restartedMain] com.example.demo.SimpleApplication       : No active profile set, falling back to default profiles: default
2017-05-16 05:00:50.542  WARN 2984 --- [restartedMain] com.example.demo.entity.MyBean           : =====================================
2017-05-16 05:00:50.543  INFO 2984 --- [restartedMain] com.example.demo.SimpleApplication       : Started SimpleApplication in 0.392 seconds (JVM running for 280.107)
2017-05-16 05:00:50.544 DEBUG 2984 --- [http-nio-8080-exec-1] com.example.demo.controller.Home         : this is a message from spring web
2017-05-16 05:00:50.545 DEBUG 2984 --- [http-nio-8080-exec-1] com.example.demo.controller.Home         : user name is not implemented.
2017-05-16 05:00:50.545 DEBUG 2984 --- [http-nio-8080-exec-1] c.e.demo.service.impl.UserServiceImpl    : date: Tue May 16 05:00:50 CST 2017
2017-05-16 05:00:50.545 DEBUG 2984 --- [http-nio-8080-exec-1] c.e.demo.service.impl.UserServiceImpl    : time: Tue May 16 05:00:50 CST 2017
